<?xml version="1.0" encoding="UTF-8"?>
<!-- Generated by org.testng.reporters.JUnitXMLReporter -->
<testsuite ignored="0" hostname="Apurva" failures="0" tests="3" name="Test" time="80.802" errors="0" timestamp="2022-02-12T07:37:44 IST">
  <testcase classname="TestCases.VerifyLoginPage" name="LaunchBrowser" time="23.112"/>
  <testcase classname="TestCases.VerifyLoginPage" name="LaunchBrowser" time="19.185"/>
  <testcase classname="TestCases.VerifySignupPage" name="fillSignupForm" time="38.292"/>
</testsuite> <!-- Test -->
